<?xml version="1.0" encoding="UTF-8"?>
<robot generator="Robot 7.1.1 (Python 3.13.0 on win32)" generated="2025-01-09T10:15:55.490538" rpa="false" schemaversion="5">
<suite id="s1" name="Login Steps" source="C:\Development\projeto_robot\test\login_steps.robot">
<kw name="Open Browser" owner="SeleniumLibrary" type="SETUP">
<msg time="2025-01-09T10:15:55.765867" level="INFO">Opening browser 'chrome' to base url 'None'.</msg>
<arg>browser=chrome</arg>
<doc>Opens a new browser instance to the optional ``url``.</doc>
<status status="PASS" start="2025-01-09T10:15:55.765648" elapsed="1.159885"/>
</kw>
<test id="s1-t1" name="Successful Login" line="13">
<kw name="I navigate to the login page" owner="login_keywords">
<kw name="Go To" owner="SeleniumLibrary">
<msg time="2025-01-09T10:15:56.927246" level="INFO">Opening url 'https://www.saucedemo.com/'</msg>
<arg>${URL}</arg>
<doc>Navigates the current browser window to the provided ``url``.</doc>
<status status="PASS" start="2025-01-09T10:15:56.927067" elapsed="1.485561"/>
</kw>
<arg>${URL}</arg>
<status status="PASS" start="2025-01-09T10:15:56.926675" elapsed="1.486086"/>
</kw>
<kw name="I input correct credentials" owner="login_keywords">
<kw name="Wait Until Element Is Visible" owner="SeleniumLibrary">
<arg>id=user-name</arg>
<doc>Waits until the element ``locator`` is visible.</doc>
<status status="PASS" start="2025-01-09T10:15:58.413404" elapsed="0.025790"/>
</kw>
<kw name="Input Text" owner="SeleniumLibrary">
<msg time="2025-01-09T10:15:58.440156" level="INFO">Typing text 'standard_user' into text field 'id=user-name'.</msg>
<arg>id=user-name</arg>
<arg>${LOGIN_DATA["loginSuccess"]["username"]}</arg>
<doc>Types the given ``text`` into the text field identified by ``locator``.</doc>
<status status="PASS" start="2025-01-09T10:15:58.439447" elapsed="0.093321"/>
</kw>
<kw name="Input Text" owner="SeleniumLibrary">
<msg time="2025-01-09T10:15:58.533561" level="INFO">Typing text 'secret_sauce' into text field 'id=password'.</msg>
<arg>id=password</arg>
<arg>${LOGIN_DATA["loginSuccess"]["password"]}</arg>
<doc>Types the given ``text`` into the text field identified by ``locator``.</doc>
<status status="PASS" start="2025-01-09T10:15:58.532960" elapsed="0.080700"/>
</kw>
<status status="PASS" start="2025-01-09T10:15:58.413124" elapsed="0.200667"/>
</kw>
<kw name="I click in login button" owner="login_keywords">
<kw name="Click Button" owner="SeleniumLibrary">
<msg time="2025-01-09T10:15:58.614505" level="INFO">Clicking button 'id=login-button'.</msg>
<arg>id=login-button</arg>
<doc>Clicks the button identified by ``locator``.</doc>
<status status="PASS" start="2025-01-09T10:15:58.614349" elapsed="0.088006"/>
</kw>
<status status="PASS" start="2025-01-09T10:15:58.614109" elapsed="0.088361"/>
</kw>
<kw name="I am able view the home page" owner="login_keywords">
<kw name="Get Location" owner="SeleniumLibrary">
<msg time="2025-01-09T10:15:58.707491" level="INFO">${urlLocation} = https://www.saucedemo.com/inventory.html</msg>
<var>${urlLocation}</var>
<doc>Returns the current browser window URL.</doc>
<status status="PASS" start="2025-01-09T10:15:58.703049" elapsed="0.004483"/>
</kw>
<kw name="Should Be Equal" owner="BuiltIn">
<arg>${urlLocation}</arg>
<arg>https://www.saucedemo.com/inventory.html</arg>
<doc>Fails if the given objects are unequal.</doc>
<status status="PASS" start="2025-01-09T10:15:58.707678" elapsed="0.000180"/>
</kw>
<status status="PASS" start="2025-01-09T10:15:58.702771" elapsed="0.005154"/>
</kw>
<status status="PASS" start="2025-01-09T10:15:56.925842" elapsed="1.782305"/>
</test>
<test id="s1-t2" name="Unsuccesful Login - No credentials" line="19">
<kw name="I navigate to the login page" owner="login_keywords">
<kw name="Go To" owner="SeleniumLibrary">
<msg time="2025-01-09T10:15:58.710024" level="INFO">Opening url 'https://www.saucedemo.com/'</msg>
<arg>${URL}</arg>
<doc>Navigates the current browser window to the provided ``url``.</doc>
<status status="PASS" start="2025-01-09T10:15:58.709800" elapsed="0.053539"/>
</kw>
<arg>${URL}</arg>
<status status="PASS" start="2025-01-09T10:15:58.709309" elapsed="0.054143"/>
</kw>
<kw name="I input no credentials" owner="login_keywords">
<kw name="Wait Until Element Is Visible" owner="SeleniumLibrary">
<arg>id=user-name</arg>
<doc>Waits until the element ``locator`` is visible.</doc>
<status status="PASS" start="2025-01-09T10:15:58.763954" elapsed="0.022424"/>
</kw>
<status status="PASS" start="2025-01-09T10:15:58.763737" elapsed="0.022844"/>
</kw>
<kw name="I click in login button" owner="login_keywords">
<kw name="Click Button" owner="SeleniumLibrary">
<msg time="2025-01-09T10:15:58.788506" level="INFO">Clicking button 'id=login-button'.</msg>
<arg>id=login-button</arg>
<doc>Clicks the button identified by ``locator``.</doc>
<status status="PASS" start="2025-01-09T10:15:58.787870" elapsed="0.062054"/>
</kw>
<status status="PASS" start="2025-01-09T10:15:58.787041" elapsed="0.062985"/>
</kw>
<kw name="I am able to see the expected error message for no credentials" owner="login_keywords">
<kw name="Wait Until Element Contains" owner="SeleniumLibrary">
<arg>class=error-message-container</arg>
<arg>${ERROR_MESSAGES["noCredentials"]}</arg>
<doc>Waits until the element ``locator`` contains ``text``.</doc>
<status status="PASS" start="2025-01-09T10:15:58.850571" elapsed="0.020674"/>
</kw>
<status status="PASS" start="2025-01-09T10:15:58.850348" elapsed="0.021061"/>
</kw>
<status status="PASS" start="2025-01-09T10:15:58.708844" elapsed="0.162895"/>
</test>
<test id="s1-t3" name="Unsuccesful Login - No username" line="25">
<kw name="I navigate to the login page" owner="login_keywords">
<kw name="Go To" owner="SeleniumLibrary">
<msg time="2025-01-09T10:15:58.873421" level="INFO">Opening url 'https://www.saucedemo.com/'</msg>
<arg>${URL}</arg>
<doc>Navigates the current browser window to the provided ``url``.</doc>
<status status="PASS" start="2025-01-09T10:15:58.873318" elapsed="0.033479"/>
</kw>
<arg>${URL}</arg>
<status status="PASS" start="2025-01-09T10:15:58.873075" elapsed="0.033888"/>
</kw>
<kw name="I input only the password" owner="login_keywords">
<kw name="Wait Until Element Is Visible" owner="SeleniumLibrary">
<arg>id=user-name</arg>
<doc>Waits until the element ``locator`` is visible.</doc>
<status status="PASS" start="2025-01-09T10:15:58.907946" elapsed="0.015066"/>
</kw>
<kw name="Input Text" owner="SeleniumLibrary">
<msg time="2025-01-09T10:15:58.923725" level="INFO">Typing text 'secret_sauce' into text field 'id=password'.</msg>
<arg>id=password</arg>
<arg>${LOGIN_DATA["loginSuccess"]["password"]}</arg>
<doc>Types the given ``text`` into the text field identified by ``locator``.</doc>
<status status="PASS" start="2025-01-09T10:15:58.923206" elapsed="0.067912"/>
</kw>
<status status="PASS" start="2025-01-09T10:15:58.907463" elapsed="0.083773"/>
</kw>
<kw name="I click in login button" owner="login_keywords">
<kw name="Click Button" owner="SeleniumLibrary">
<msg time="2025-01-09T10:15:58.991912" level="INFO">Clicking button 'id=login-button'.</msg>
<arg>id=login-button</arg>
<doc>Clicks the button identified by ``locator``.</doc>
<status status="PASS" start="2025-01-09T10:15:58.991770" elapsed="0.052390"/>
</kw>
<status status="PASS" start="2025-01-09T10:15:58.991540" elapsed="0.052722"/>
</kw>
<kw name="I am able to see the expected error message for no username" owner="login_keywords">
<kw name="Wait Until Element Contains" owner="SeleniumLibrary">
<arg>class=error-message-container</arg>
<arg>${ERROR_MESSAGES["noUsername"]}</arg>
<doc>Waits until the element ``locator`` contains ``text``.</doc>
<status status="PASS" start="2025-01-09T10:15:59.044769" elapsed="0.013388"/>
</kw>
<status status="PASS" start="2025-01-09T10:15:59.044544" elapsed="0.013733"/>
</kw>
<status status="PASS" start="2025-01-09T10:15:58.872679" elapsed="0.185865"/>
</test>
<test id="s1-t4" name="Unsuccesful Login - No password" line="31">
<kw name="I navigate to the login page" owner="login_keywords">
<kw name="Go To" owner="SeleniumLibrary">
<msg time="2025-01-09T10:15:59.060308" level="INFO">Opening url 'https://www.saucedemo.com/'</msg>
<arg>${URL}</arg>
<doc>Navigates the current browser window to the provided ``url``.</doc>
<status status="PASS" start="2025-01-09T10:15:59.060012" elapsed="0.026846"/>
</kw>
<arg>${URL}</arg>
<status status="PASS" start="2025-01-09T10:15:59.059736" elapsed="0.027281"/>
</kw>
<kw name="I input only the username" owner="login_keywords">
<kw name="Wait Until Element Is Visible" owner="SeleniumLibrary">
<arg>id=user-name</arg>
<doc>Waits until the element ``locator`` is visible.</doc>
<status status="PASS" start="2025-01-09T10:15:59.087622" elapsed="0.012732"/>
</kw>
<kw name="Input Text" owner="SeleniumLibrary">
<msg time="2025-01-09T10:15:59.100941" level="INFO">Typing text 'standard_user' into text field 'id=user-name'.</msg>
<arg>id=user-name</arg>
<arg>${LOGIN_DATA["loginSuccess"]["username"]}</arg>
<doc>Types the given ``text`` into the text field identified by ``locator``.</doc>
<status status="PASS" start="2025-01-09T10:15:59.100513" elapsed="0.066460"/>
</kw>
<status status="PASS" start="2025-01-09T10:15:59.087357" elapsed="0.079723"/>
</kw>
<kw name="I click in login button" owner="login_keywords">
<kw name="Click Button" owner="SeleniumLibrary">
<msg time="2025-01-09T10:15:59.167715" level="INFO">Clicking button 'id=login-button'.</msg>
<arg>id=login-button</arg>
<doc>Clicks the button identified by ``locator``.</doc>
<status status="PASS" start="2025-01-09T10:15:59.167571" elapsed="0.051731"/>
</kw>
<status status="PASS" start="2025-01-09T10:15:59.167360" elapsed="0.052049"/>
</kw>
<kw name="I am able to see the expected error message for no password" owner="login_keywords">
<kw name="Wait Until Element Contains" owner="SeleniumLibrary">
<arg>class=error-message-container</arg>
<arg>${ERROR_MESSAGES["noPassword"]}</arg>
<doc>Waits until the element ``locator`` contains ``text``.</doc>
<status status="PASS" start="2025-01-09T10:15:59.220172" elapsed="0.011904"/>
</kw>
<status status="PASS" start="2025-01-09T10:15:59.219855" elapsed="0.012327"/>
</kw>
<status status="PASS" start="2025-01-09T10:15:59.059325" elapsed="0.173098"/>
</test>
<test id="s1-t5" name="Unsuccesful Login - Wrong credentials" line="38">
<kw name="I navigate to the login page" owner="login_keywords">
<kw name="Go To" owner="SeleniumLibrary">
<msg time="2025-01-09T10:15:59.233816" level="INFO">Opening url 'https://www.saucedemo.com/'</msg>
<arg>${URL}</arg>
<doc>Navigates the current browser window to the provided ``url``.</doc>
<status status="PASS" start="2025-01-09T10:15:59.233713" elapsed="0.047298"/>
</kw>
<arg>${URL}</arg>
<status status="PASS" start="2025-01-09T10:15:59.233487" elapsed="0.047629"/>
</kw>
<kw name="I input wrong credentials" owner="login_keywords">
<kw name="Wait Until Element Is Visible" owner="SeleniumLibrary">
<arg>id=user-name</arg>
<doc>Waits until the element ``locator`` is visible.</doc>
<status status="PASS" start="2025-01-09T10:15:59.281623" elapsed="0.016229"/>
</kw>
<kw name="Input Text" owner="SeleniumLibrary">
<msg time="2025-01-09T10:15:59.298441" level="INFO">Typing text 'test' into text field 'id=user-name'.</msg>
<arg>id=user-name</arg>
<arg>${LOGIN_DATA["loginFail"]["username"]}</arg>
<doc>Types the given ``text`` into the text field identified by ``locator``.</doc>
<status status="PASS" start="2025-01-09T10:15:59.298018" elapsed="0.059492"/>
</kw>
<kw name="Input Text" owner="SeleniumLibrary">
<msg time="2025-01-09T10:15:59.358143" level="INFO">Typing text 'test' into text field 'id=password'.</msg>
<arg>id=password</arg>
<arg>${LOGIN_DATA["loginFail"]["password"]}</arg>
<doc>Types the given ``text`` into the text field identified by ``locator``.</doc>
<status status="PASS" start="2025-01-09T10:15:59.357677" elapsed="0.054872"/>
</kw>
<status status="PASS" start="2025-01-09T10:15:59.281407" elapsed="0.131248"/>
</kw>
<kw name="I click in login button" owner="login_keywords">
<kw name="Click Button" owner="SeleniumLibrary">
<msg time="2025-01-09T10:15:59.413285" level="INFO">Clicking button 'id=login-button'.</msg>
<arg>id=login-button</arg>
<doc>Clicks the button identified by ``locator``.</doc>
<status status="PASS" start="2025-01-09T10:15:59.413149" elapsed="0.054601"/>
</kw>
<status status="PASS" start="2025-01-09T10:15:59.412935" elapsed="0.054923"/>
</kw>
<kw name="I am able to see the expected error message for wrong credentials" owner="login_keywords">
<kw name="Wait Until Element Contains" owner="SeleniumLibrary">
<arg>class=error-message-container</arg>
<arg>${ERROR_MESSAGES["wrongCredentials"]}</arg>
<doc>Waits until the element ``locator`` contains ``text``.</doc>
<status status="PASS" start="2025-01-09T10:15:59.468341" elapsed="0.012777"/>
</kw>
<status status="PASS" start="2025-01-09T10:15:59.468125" elapsed="0.013171"/>
</kw>
<status status="PASS" start="2025-01-09T10:15:59.233125" elapsed="0.248518"/>
</test>
<status status="PASS" start="2025-01-09T10:15:55.491864" elapsed="3.990867"/>
</suite>
<statistics>
<total>
<stat pass="5" fail="0" skip="0">All Tests</stat>
</total>
<tag>
</tag>
<suite>
<stat pass="5" fail="0" skip="0" id="s1" name="Login Steps">Login Steps</stat>
</suite>
</statistics>
<errors>
</errors>
</robot>
