<?xml version="1.0" encoding="UTF-8"?>
<robot generator="Robot 7.1.1 (Python 3.13.0 on win32)" generated="2025-01-09T10:11:54.044667" rpa="false" schemaversion="5">
<suite id="s1" name="Login Steps" source="c:\Development\projeto_robot\test\login_steps.robot">
<test id="s1-t1" name="Successful Login" line="13">
<kw name="Open Browser" owner="SeleniumLibrary" type="SETUP">
<msg time="2025-01-09T10:11:54.362220" level="INFO">Opening browser 'chrome' to base url 'None'.</msg>
<arg>browser=chrome</arg>
<doc>Opens a new browser instance to the optional ``url``.</doc>
<status status="PASS" start="2025-01-09T10:11:54.361541" elapsed="1.829794"/>
</kw>
<kw name="I navigate to the login page" owner="login_keywords">
<kw name="Go To" owner="SeleniumLibrary">
<msg time="2025-01-09T10:11:56.193079" level="INFO">Opening url 'https://www.saucedemo.com/'</msg>
<arg>${URL}</arg>
<doc>Navigates the current browser window to the provided ``url``.</doc>
<status status="PASS" start="2025-01-09T10:11:56.192810" elapsed="1.062587"/>
</kw>
<arg>${URL}</arg>
<status status="PASS" start="2025-01-09T10:11:56.192266" elapsed="1.063554"/>
</kw>
<kw name="I input correct credentials" owner="login_keywords">
<kw name="Wait Until Element Is Visible" owner="SeleniumLibrary">
<arg>id=user-name</arg>
<doc>Waits until the element ``locator`` is visible.</doc>
<status status="PASS" start="2025-01-09T10:11:57.258017" elapsed="0.147692"/>
</kw>
<kw name="Input Text" owner="SeleniumLibrary">
<msg time="2025-01-09T10:11:57.407076" level="INFO">Typing text 'standard_user' into text field 'id=user-name'.</msg>
<arg>id=user-name</arg>
<arg>${LOGIN_DATA["loginSuccess"]["username"]}</arg>
<doc>Types the given ``text`` into the text field identified by ``locator``.</doc>
<status status="PASS" start="2025-01-09T10:11:57.406035" elapsed="0.107828"/>
</kw>
<kw name="Input Text" owner="SeleniumLibrary">
<msg time="2025-01-09T10:11:57.514774" level="INFO">Typing text 'secret_sauce' into text field 'id=password'.</msg>
<arg>id=password</arg>
<arg>${LOGIN_DATA["loginSuccess"]["password"]}</arg>
<doc>Types the given ``text`` into the text field identified by ``locator``.</doc>
<status status="PASS" start="2025-01-09T10:11:57.514169" elapsed="0.074506"/>
</kw>
<status status="PASS" start="2025-01-09T10:11:57.256942" elapsed="0.332019"/>
</kw>
<kw name="I click in login button" owner="login_keywords">
<kw name="Click Button" owner="SeleniumLibrary">
<msg time="2025-01-09T10:11:57.590647" level="INFO">Clicking button 'id=login-button'.</msg>
<arg>id=login-button</arg>
<doc>Clicks the button identified by ``locator``.</doc>
<status status="PASS" start="2025-01-09T10:11:57.590193" elapsed="0.104956"/>
</kw>
<status status="PASS" start="2025-01-09T10:11:57.589623" elapsed="0.105744"/>
</kw>
<kw name="I am able view the home page" owner="login_keywords">
<kw name="Get Location" owner="SeleniumLibrary">
<msg time="2025-01-09T10:11:57.703324" level="INFO">${urlLocation} = https://www.saucedemo.com/inventory.html</msg>
<var>${urlLocation}</var>
<doc>Returns the current browser window URL.</doc>
<status status="PASS" start="2025-01-09T10:11:57.696797" elapsed="0.006729"/>
</kw>
<kw name="Should Be Equal" owner="BuiltIn">
<arg>${urlLocation}</arg>
<arg>https://www.saucedemo.com/inventory.html</arg>
<doc>Fails if the given objects are unequal.</doc>
<status status="PASS" start="2025-01-09T10:11:57.703768" elapsed="0.000332"/>
</kw>
<status status="PASS" start="2025-01-09T10:11:57.696142" elapsed="0.008085"/>
</kw>
<status status="PASS" start="2025-01-09T10:11:54.360388" elapsed="3.344387"/>
</test>
<status status="PASS" start="2025-01-09T10:11:54.049777" elapsed="3.657327"/>
</suite>
<statistics>
<total>
<stat pass="1" fail="0" skip="0">All Tests</stat>
</total>
<tag>
</tag>
<suite>
<stat pass="1" fail="0" skip="0" id="s1" name="Login Steps">Login Steps</stat>
</suite>
</statistics>
<errors>
</errors>
</robot>
